<?xml version="1.0" encoding="UTF-8"?>
<!-- Generated by org.testng.reporters.JUnitReportReporter -->
<testsuite hostname="PULSER220" failures="0" tests="1" name="LoginM.Logintestcase" time="5.130" errors="0" timestamp="2023-10-10T13:40:24 IST" skipped="0">
  <testcase classname="LoginM.Logintestcase" name="TC_Login_001" time="5.130"/>
</testsuite> <!-- LoginM.Logintestcase -->
